f:\github\library_mysql\library\library\x64\debug\vc140.pdb
f:\github\library_mysql\library\library\x64\debug\vc140.idb
f:\github\library_mysql\library\library\x64\debug\borrow_book.obj
f:\github\library_mysql\library\library\x64\debug\library.obj
f:\github\library_mysql\library\library\x64\debug\main.obj
f:\github\library_mysql\library\library\x64\debug\reader.obj
f:\github\library_mysql\library\library\x64\debug\return.obj
f:\github\library_mysql\library\library\x64\debug\search.obj
f:\github\library_mysql\library\library\x64\debug\manage_book.obj
f:\github\library_mysql\library\x64\debug\library.ilk
f:\github\library_mysql\library\x64\debug\library.exe
f:\github\library_mysql\library\x64\debug\library.pdb
f:\github\library_mysql\library\library\x64\debug\manage_book.obj.enc
f:\github\library_mysql\library\library\x64\debug\reader.obj.enc
f:\github\library_mysql\library\library\x64\debug\library.tlog\cl.command.1.tlog
f:\github\library_mysql\library\library\x64\debug\library.tlog\cl.read.1.tlog
f:\github\library_mysql\library\library\x64\debug\library.tlog\cl.write.1.tlog
f:\github\library_mysql\library\library\x64\debug\library.tlog\link.command.1.tlog
f:\github\library_mysql\library\library\x64\debug\library.tlog\link.read.1.tlog
f:\github\library_mysql\library\library\x64\debug\library.tlog\link.write.1.tlog
